<?xml version="1.0" encoding="UTF-8"?>
<coverage generated="1783075362785" clover="3.2.0">
  <project timestamp="1783075362785" name="All files">
    <metrics statements="6" coveredstatements="6" conditionals="0" coveredconditionals="0" methods="1" coveredmethods="1" elements="7" coveredelements="7" complexity="0" loc="6" ncloc="6" packages="1" files="1" classes="1"/>
    <file name="build-test-app.ts" path="/Users/couffinhal/Documents/Gachapon/back/src/test/helpers/build-test-app.ts">
      <metrics statements="6" coveredstatements="6" conditionals="0" coveredconditionals="0" methods="1" coveredmethods="1"/>
      <line num="5" count="39" type="stmt"/>
      <line num="6" count="39" type="stmt"/>
      <line num="7" count="39" type="stmt"/>
      <line num="8" count="39" type="stmt"/>
      <line num="9" count="39" type="stmt"/>
      <line num="10" count="39" type="stmt"/>
    </file>
  </project>
</coverage>
