{"/Users/couffinhal/Documents/Gachapon/back/src/test/helpers/build-test-app.ts": {"path":"/Users/couffinhal/Documents/Gachapon/back/src/test/helpers/build-test-app.ts","statementMap":{"0":{"start":{"line":5,"column":17},"end":{"line":5,"column":null}},"1":{"start":{"line":6,"column":14},"end":{"line":6,"column":null}},"2":{"start":{"line":7,"column":17},"end":{"line":7,"column":41}},"3":{"start":{"line":8,"column":2},"end":{"line":8,"column":null}},"4":{"start":{"line":9,"column":2},"end":{"line":9,"column":null}},"5":{"start":{"line":10,"column":2},"end":{"line":10,"column":null}}},"fnMap":{"0":{"name":"buildTestApp","decl":{"start":{"line":4,"column":22},"end":{"line":4,"column":null}},"loc":{"start":{"line":4,"column":22},"end":{"line":11,"column":null}}}},"branchMap":{},"s":{"0":39,"1":39,"2":39,"3":39,"4":39,"5":39},"f":{"0":39},"b":{}}
}
